{"/Users/i821846/SAPDevelop/git/sap/ux-tools/packages/templates/odata-service/src/index.ts": {"path":"/Users/i821846/SAPDevelop/git/sap/ux-tools/packages/templates/odata-service/src/index.ts","statementMap":{"0":{"start":{"line":2,"column":0},"end":{"line":2,"column":28}},"1":{"start":{"line":3,"column":0},"end":{"line":3,"column":49}},"2":{"start":{"line":4,"column":0},"end":{"line":4,"column":47}},"3":{"start":{"line":5,"column":0},"end":{"line":5,"column":29}},"4":{"start":{"line":7,"column":0},"end":{"line":7,"column":23}},"5":{"start":{"line":52,"column":4},"end":{"line":7,"column":65}},"6":{"start":{"line":11,"column":4},"end":{"line":13,"column":null}},"7":{"start":{"line":12,"column":8},"end":{"line":12,"column":37}},"8":{"start":{"line":14,"column":4},"end":{"line":14,"column":22}},"9":{"start":{"line":21,"column":20},"end":{"line":21,"column":64}},"10":{"start":{"line":24,"column":24},"end":{"line":24,"column":54}},"11":{"start":{"line":25,"column":4},"end":{"line":25,"column":75}},"12":{"start":{"line":26,"column":24},"end":{"line":26,"column":56}},"13":{"start":{"line":27,"column":4},"end":{"line":27,"column":78}},"14":{"start":{"line":28,"column":4},"end":{"line":28,"column":43}},"15":{"start":{"line":31,"column":25},"end":{"line":31,"column":66}},"16":{"start":{"line":32,"column":4},"end":{"line":32,"column":99}},"17":{"start":{"line":35,"column":4},"end":{"line":35,"column":84}},"18":{"start":{"line":36,"column":4},"end":{"line":36,"column":92}},"19":{"start":{"line":37,"column":4},"end":{"line":37,"column":104}},"20":{"start":{"line":40,"column":4},"end":{"line":42,"column":null}},"21":{"start":{"line":41,"column":8},"end":{"line":41,"column":90}},"22":{"start":{"line":43,"column":4},"end":{"line":45,"column":null}},"23":{"start":{"line":44,"column":8},"end":{"line":44,"column":122}},"24":{"start":{"line":47,"column":4},"end":{"line":47,"column":14}},"25":{"start":{"line":51,"column":4},"end":{"line":51,"column":12}}},"fnMap":{"0":{"name":"(anonymous_0)","decl":{"start":{"line":52,"column":4},"end":{"line":52,"column":16}},"loc":{"start":{"line":52,"column":4},"end":{"line":7,"column":65}}},"1":{"name":"generate","decl":{"start":{"line":9,"column":15},"end":{"line":9,"column":23}},"loc":{"start":{"line":9,"column":76},"end":{"line":48,"column":1}}}},"branchMap":{"0":{"loc":{"start":{"line":11,"column":4},"end":{"line":13,"column":null}},"type":"if","locations":[{"start":{"line":11,"column":4},"end":{"line":13,"column":null}},{"start":{"line":11,"column":4},"end":{"line":13,"column":null}}]},"1":{"loc":{"start":{"line":40,"column":4},"end":{"line":42,"column":null}},"type":"if","locations":[{"start":{"line":40,"column":4},"end":{"line":42,"column":null}},{"start":{"line":40,"column":4},"end":{"line":42,"column":null}}]},"2":{"loc":{"start":{"line":43,"column":4},"end":{"line":45,"column":null}},"type":"if","locations":[{"start":{"line":43,"column":4},"end":{"line":45,"column":null}},{"start":{"line":43,"column":4},"end":{"line":45,"column":null}}]}},"s":{"0":1,"1":1,"2":1,"3":1,"4":1,"5":2,"6":1,"7":0,"8":1,"9":1,"10":1,"11":1,"12":1,"13":1,"14":1,"15":1,"16":1,"17":1,"18":1,"19":1,"20":1,"21":1,"22":1,"23":0,"24":1,"25":1},"f":{"0":1,"1":1},"b":{"0":[0,1],"1":[1,0],"2":[0,1]}}
,"/Users/i821846/SAPDevelop/git/sap/ux-tools/packages/templates/odata-service/src/data/defaults.ts": {"path":"/Users/i821846/SAPDevelop/git/sap/ux-tools/packages/templates/odata-service/src/data/defaults.ts","statementMap":{"0":{"start":{"line":5,"column":4},"end":{"line":7,"column":null}},"1":{"start":{"line":6,"column":8},"end":{"line":6,"column":30}},"2":{"start":{"line":8,"column":4},"end":{"line":10,"column":null}},"3":{"start":{"line":9,"column":8},"end":{"line":9,"column":36}},"4":{"start":{"line":11,"column":4},"end":{"line":18,"column":null}},"5":{"start":{"line":12,"column":8},"end":{"line":12,"column":34}},"6":{"start":{"line":13,"column":8},"end":{"line":13,"column":24}},"7":{"start":{"line":15,"column":8},"end":{"line":17,"column":null}},"8":{"start":{"line":16,"column":12},"end":{"line":16,"column":35}},"9":{"start":{"line":3,"column":0},"end":{"line":3,"column":16}}},"fnMap":{"0":{"name":"enhanceData","decl":{"start":{"line":3,"column":16},"end":{"line":3,"column":27}},"loc":{"start":{"line":3,"column":46},"end":{"line":19,"column":1}}}},"branchMap":{"0":{"loc":{"start":{"line":5,"column":4},"end":{"line":7,"column":null}},"type":"if","locations":[{"start":{"line":5,"column":4},"end":{"line":7,"column":null}},{"start":{"line":5,"column":4},"end":{"line":7,"column":null}}]},"1":{"loc":{"start":{"line":8,"column":4},"end":{"line":10,"column":null}},"type":"if","locations":[{"start":{"line":8,"column":4},"end":{"line":10,"column":null}},{"start":{"line":8,"column":4},"end":{"line":10,"column":null}}]},"2":{"loc":{"start":{"line":11,"column":4},"end":{"line":18,"column":null}},"type":"if","locations":[{"start":{"line":11,"column":4},"end":{"line":18,"column":null}},{"start":{"line":11,"column":4},"end":{"line":18,"column":null}}]},"3":{"loc":{"start":{"line":15,"column":8},"end":{"line":17,"column":null}},"type":"if","locations":[{"start":{"line":15,"column":8},"end":{"line":17,"column":null}},{"start":{"line":15,"column":8},"end":{"line":17,"column":null}}]}},"s":{"0":1,"1":0,"2":1,"3":1,"4":1,"5":1,"6":1,"7":0,"8":0,"9":1},"f":{"0":1},"b":{"0":[0,1],"1":[1,0],"2":[1,0],"3":[0,0]}}
,"/Users/i821846/SAPDevelop/git/sap/ux-tools/packages/templates/odata-service/src/data/index.ts": {"path":"/Users/i821846/SAPDevelop/git/sap/ux-tools/packages/templates/odata-service/src/data/index.ts","statementMap":{"0":{"start":{"line":1,"column":0},"end":{"line":1,"column":24}},"1":{"start":{"line":2,"column":0},"end":{"line":2,"column":27}}},"fnMap":{},"branchMap":{},"s":{"0":1,"1":1},"f":{},"b":{}}
,"/Users/i821846/SAPDevelop/git/sap/ux-tools/packages/templates/odata-service/src/data/types.ts": {"path":"/Users/i821846/SAPDevelop/git/sap/ux-tools/packages/templates/odata-service/src/data/types.ts","statementMap":{"0":{"start":{"line":1,"column":0},"end":{"line":1,"column":null}},"1":{"start":{"line":2,"column":4},"end":{"line":2,"column":null}},"2":{"start":{"line":3,"column":4},"end":{"line":3,"column":null}}},"fnMap":{"0":{"name":"(anonymous_0)","decl":{"start":{"line":1,"column":0},"end":{"line":1,"column":12}},"loc":{"start":{"line":1,"column":24},"end":{"line":4,"column":1}}}},"branchMap":{"0":{"loc":{"start":{"line":1,"column":12},"end":{"line":1,"column":24}},"type":"binary-expr","locations":[{"start":{"line":1,"column":12},"end":{"line":1,"column":24}},{"start":{"line":1,"column":12},"end":{"line":1,"column":null}}]}},"s":{"0":1,"1":1,"2":1},"f":{"0":1},"b":{"0":[1,1]}}
}
