TN:
SF:src/index.ts
FN:52,(anonymous_0)
FN:9,generate
FNF:2
FNH:2
FNDA:1,(anonymous_0)
FNDA:1,generate
DA:2,1
DA:3,1
DA:4,1
DA:5,1
DA:7,1
DA:11,1
DA:12,0
DA:14,1
DA:21,1
DA:24,1
DA:25,1
DA:26,1
DA:27,1
DA:28,1
DA:31,1
DA:32,1
DA:35,1
DA:36,1
DA:37,1
DA:40,1
DA:41,1
DA:43,1
DA:44,0
DA:47,1
DA:51,1
DA:52,2
LF:26
LH:24
BRDA:11,0,0,0
BRDA:11,0,1,1
BRDA:40,1,0,1
BRDA:40,1,1,0
BRDA:43,2,0,0
BRDA:43,2,1,1
BRF:6
BRH:3
end_of_record
TN:
SF:src/data/defaults.ts
FN:3,enhanceData
FNF:1
FNH:1
FNDA:1,enhanceData
DA:3,1
DA:5,1
DA:6,0
DA:8,1
DA:9,1
DA:11,1
DA:12,1
DA:13,1
DA:15,0
DA:16,0
LF:10
LH:7
BRDA:5,0,0,0
BRDA:5,0,1,1
BRDA:8,1,0,1
BRDA:8,1,1,0
BRDA:11,2,0,1
BRDA:11,2,1,0
BRDA:15,3,0,0
BRDA:15,3,1,0
BRF:8
BRH:3
end_of_record
TN:
SF:src/data/index.ts
FNF:0
FNH:0
DA:1,1
DA:2,1
LF:2
LH:2
BRF:0
BRH:0
end_of_record
TN:
SF:src/data/types.ts
FN:1,(anonymous_0)
FNF:1
FNH:1
FNDA:1,(anonymous_0)
DA:1,1
DA:2,1
DA:3,1
LF:3
LH:3
BRDA:1,0,0,1
BRDA:1,0,1,1
BRF:2
BRH:2
end_of_record
